<?xml version="1.0" encoding="UTF-8"?>
<testsuite name="org.space.vc.integration.github.SimpleSearchFilterTest" tests="4" skipped="0" failures="0" errors="0" timestamp="2023-05-09T09:04:48" hostname="Vital" time="0.012">
  <properties/>
  <testcase name="givenIncorrectPerPageInputShouldThrowException()" classname="org.space.vc.integration.github.SimpleSearchFilterTest" time="0.004"/>
  <testcase name="givenCorrectInputShouldReturnValidFilter()" classname="org.space.vc.integration.github.SimpleSearchFilterTest" time="0.004"/>
  <testcase name="givenIncorrectPageInputShouldThrowException()" classname="org.space.vc.integration.github.SimpleSearchFilterTest" time="0.002"/>
  <testcase name="givenIncorrectOperationInputShouldThrowException()" classname="org.space.vc.integration.github.SimpleSearchFilterTest" time="0.001"/>
  <system-out><![CDATA[]]></system-out>
  <system-err><![CDATA[]]></system-err>
</testsuite>
