<?xml version="1.0" encoding="UTF-8"?>
<testsuite name="org.space.vc.integration.github.GithubSearchServiceTest" tests="1" skipped="0" failures="0" errors="0" timestamp="2023-05-09T09:04:48" hostname="Vital" time="0.037">
  <properties/>
  <testcase name="shouldReturnValidResult()" classname="org.space.vc.integration.github.GithubSearchServiceTest" time="0.037"/>
  <system-out><![CDATA[]]></system-out>
  <system-err><![CDATA[]]></system-err>
</testsuite>
